<?xml version="1.0" encoding="UTF-8"?>
<!-- Generated by org.testng.reporters.JUnitReportReporter -->
<testsuite hostname="Pratik" name="CallReport.MedicalInquiry" tests="3" failures="0" timestamp="8 Aug 2016 00:06:22 GMT" time="18.061" errors="0">
  <testcase name="logout" time="5.262" classname="CallReport.MedicalInquiry"/>
  <testcase name="MedInqHomePage" time="6.308" classname="CallReport.MedicalInquiry"/>
  <testcase name="login" time="6.491" classname="CallReport.MedicalInquiry"/>
</testsuite> <!-- CallReport.MedicalInquiry -->
