<?xml version="1.0" encoding="UTF-8"?>
<!-- Generated by org.testng.reporters.JUnitReportReporter -->
<testsuite hostname="Pratik" name="CallReport.SaveCallReport" tests="5" failures="0" timestamp="24 Jul 2016 10:16:30 GMT" time="86.414" errors="0">
  <testcase name="homePage" time="7.855" classname="CallReport.SaveCallReport"/>
  <testcase name="accountHolder" time="11.071" classname="CallReport.SaveCallReport"/>
  <testcase name="saveCallRreport" time="61.403" classname="CallReport.SaveCallReport"/>
  <testcase name="login" time="3.049" classname="CallReport.SaveCallReport"/>
  <testcase name="logout" time="3.036" classname="CallReport.SaveCallReport"/>
</testsuite> <!-- CallReport.SaveCallReport -->
