<?xml version="1.0" encoding="UTF-8"?>
<!-- Generated by org.testng.reporters.JUnitReportReporter -->
<testsuite hostname="Pratik" name="CallReport.SaveCallReport" tests="5" failures="0" timestamp="7 Aug 2016 23:07:09 GMT" time="91.686" errors="0">
  <testcase name="saveCallRreport" time="49.815" classname="CallReport.SaveCallReport"/>
  <testcase name="accountHolder" time="15.432" classname="CallReport.SaveCallReport"/>
  <testcase name="login" time="6.059" classname="CallReport.SaveCallReport"/>
  <testcase name="homePage" time="16.001" classname="CallReport.SaveCallReport"/>
  <testcase name="logout" time="4.379" classname="CallReport.SaveCallReport"/>
</testsuite> <!-- CallReport.SaveCallReport -->
